01:37:21 PM: DEBUG [logger_base.py:14] Mensaje de debug
01:37:21 PM: INFO [logger_base.py:15] Mensaje de informacion
01:37:21 PM: WARNING [logger_base.py:16] Mensaje de warning
01:37:21 PM: ERROR [logger_base.py:17] Mensaje de error
01:37:21 PM: CRITICAL [logger_base.py:18] Mensaje de critical
05:05:04 AM: DEBUG [Persona.py:53] 
            id_persona: 1,
            nombre: Juan,
            apellido: Perez,
            email: jperez@mail.com
        
05:05:21 AM: DEBUG [Persona.py:54] 
            id_persona: 1,
            nombre: Juan,
            apellido: Perez,
            email: jperez@mail.com
        
05:09:08 AM: DEBUG [Persona.py:54] 
            id_persona: 1,
            nombre: Juan,
            apellido: Perez,
            email: jperez@mail.com
        
05:09:08 AM: DEBUG [Persona.py:57] 
            id_persona: None,
            nombre: Jon,
            apellido: Pez,
            email: jrez@mail.com
        
05:15:22 AM: DEBUG [Persona.py:54] 
            id_persona: 1,
            nombre: Juan,
            apellido: Perez,
            email: jperez@mail.com
        
05:15:22 AM: DEBUG [Persona.py:57] 
            id_persona: None,
            nombre: Jon,
            apellido: Pez,
            email: jpez@mail.com
        
05:15:22 AM: DEBUG [Persona.py:60] 
            id_persona: 1,
            nombre: None,
            apellido: None,
            email: None
        
